{"environment":"development","level":"error","message":"[AtlantaIngestion] Error upserting Z-21-065: connect ECONNREFUSED 127.0.0.1:5432","service":"jedire-api","timestamp":"2026-03-04T15:50:50.941Z"}
{"environment":"development","level":"error","message":"[AtlantaIngestion] Error upserting Z-24-011: connect ECONNREFUSED 127.0.0.1:5432","service":"jedire-api","timestamp":"2026-03-04T15:50:50.942Z"}
{"environment":"development","level":"error","message":"[AtlantaIngestion] Error upserting Z-04-079: connect ECONNREFUSED 127.0.0.1:5432","service":"jedire-api","timestamp":"2026-03-04T15:50:50.943Z"}
{"environment":"development","level":"error","message":"[AtlantaIngestion] Error upserting Z-22-071: connect ECONNREFUSED 127.0.0.1:5432","service":"jedire-api","timestamp":"2026-03-04T15:50:50.946Z"}
{"environment":"development","level":"error","message":"[AtlantaIngestion] Error upserting Z-20-031: connect ECONNREFUSED 127.0.0.1:5432","service":"jedire-api","timestamp":"2026-03-04T15:50:50.947Z"}
{"environment":"development","level":"error","message":"[AtlantaIngestion] Error upserting Z-06-028: connect ECONNREFUSED 127.0.0.1:5432","service":"jedire-api","timestamp":"2026-03-04T15:50:50.947Z"}
{"environment":"development","level":"error","message":"[AtlantaIngestion] Error upserting Z-07-090: connect ECONNREFUSED 127.0.0.1:5432","service":"jedire-api","timestamp":"2026-03-04T15:50:50.948Z"}
{"environment":"development","level":"error","message":"[AtlantaIngestion] Error upserting Z-21-035: connect ECONNREFUSED 127.0.0.1:5432","service":"jedire-api","timestamp":"2026-03-04T15:50:50.949Z"}
{"environment":"development","level":"error","message":"[AtlantaIngestion] Error upserting Z-23-069: connect ECONNREFUSED 127.0.0.1:5432","service":"jedire-api","timestamp":"2026-03-04T15:50:50.950Z"}
{"environment":"development","level":"error","message":"[AtlantaIngestion] Error upserting Z-21-031: connect ECONNREFUSED 127.0.0.1:5432","service":"jedire-api","timestamp":"2026-03-04T15:50:50.951Z"}
{"environment":"development","level":"error","message":"[AtlantaIngestion] Error upserting Z-21-012: connect ECONNREFUSED 127.0.0.1:5432","service":"jedire-api","timestamp":"2026-03-04T15:50:50.952Z"}
{"environment":"development","level":"error","message":"[AtlantaIngestion] Error upserting Z-21-065: Connection terminated due to connection timeout","service":"jedire-api","timestamp":"2026-03-04T17:17:28.855Z"}
{"environment":"development","level":"error","message":"[AtlantaIngestion] Error upserting Z-24-011: Connection terminated due to connection timeout","service":"jedire-api","timestamp":"2026-03-04T17:17:39.657Z"}
{"environment":"development","level":"error","message":"[AtlantaIngestion] Error upserting Z-04-079: Connection terminated due to connection timeout","service":"jedire-api","timestamp":"2026-03-04T17:17:49.664Z"}
{"environment":"development","level":"error","message":"[AtlantaIngestion] Error upserting Z-22-071: Connection terminated due to connection timeout","service":"jedire-api","timestamp":"2026-03-04T17:17:59.671Z"}
{"environment":"development","level":"error","message":"[AtlantaIngestion] Error upserting Z-20-031: Connection terminated due to connection timeout","service":"jedire-api","timestamp":"2026-03-04T17:18:09.683Z"}
{"environment":"development","level":"error","message":"[AtlantaIngestion] Error upserting Z-06-028: Connection terminated due to connection timeout","service":"jedire-api","timestamp":"2026-03-04T17:18:20.558Z"}
{"environment":"development","level":"error","message":"[AtlantaIngestion] Error upserting Z-07-090: Connection terminated due to connection timeout","service":"jedire-api","timestamp":"2026-03-04T17:18:30.561Z"}
{"environment":"development","level":"error","message":"[AtlantaIngestion] Error upserting Z-21-035: Connection terminated due to connection timeout","service":"jedire-api","timestamp":"2026-03-04T17:18:40.570Z"}
{"environment":"development","level":"error","message":"[AtlantaIngestion] Error upserting Z-23-069: Connection terminated due to connection timeout","service":"jedire-api","timestamp":"2026-03-04T17:18:51.395Z"}
{"environment":"development","level":"error","message":"[AtlantaIngestion] Error upserting Z-21-031: Connection terminated due to connection timeout","service":"jedire-api","timestamp":"2026-03-04T17:19:01.408Z"}
{"environment":"development","level":"error","message":"[AtlantaIngestion] Error upserting Z-21-012: Connection terminated due to connection timeout","service":"jedire-api","timestamp":"2026-03-04T17:19:11.420Z"}
{"environment":"development","error":"Cannot read properties of undefined (reading 'avg_occupancy')","level":"error","message":"Atlanta sync failed","service":"jedire-api","timestamp":"2026-03-07T17:37:48.385Z"}
{"environment":"development","error":"column \"total_listings\" of relation \"apartment_market_snapshots\" does not exist","level":"error","message":"Atlanta sync failed","service":"jedire-api","timestamp":"2026-03-07T17:51:03.711Z"}
{"environment":"development","error":"column \"apartment_locator_id\" of relation \"properties\" does not exist","level":"error","message":"Failed to sync property","property":"AMLI Arts Center","service":"jedire-api","timestamp":"2026-03-07T17:52:00.026Z"}
{"environment":"development","error":"column \"apartment_locator_id\" of relation \"properties\" does not exist","level":"error","message":"Failed to sync property","property":"The Atlantic Brookwood","service":"jedire-api","timestamp":"2026-03-07T17:52:00.040Z"}
{"environment":"development","error":"column \"apartment_locator_id\" of relation \"properties\" does not exist","level":"error","message":"Failed to sync property","property":"Link Apartments Canvas","service":"jedire-api","timestamp":"2026-03-07T17:52:00.053Z"}
{"environment":"development","error":"column \"apartment_locator_id\" of relation \"properties\" does not exist","level":"error","message":"Failed to sync property","property":"Westside Court","service":"jedire-api","timestamp":"2026-03-07T17:52:00.066Z"}
{"environment":"development","error":"column \"apartment_locator_id\" of relation \"properties\" does not exist","level":"error","message":"Failed to sync property","property":"Prominence","service":"jedire-api","timestamp":"2026-03-07T17:52:00.080Z"}
{"environment":"development","error":"column \"apartment_locator_id\" of relation \"properties\" does not exist","level":"error","message":"Failed to sync property","property":"Ashley Auburn Pointe","service":"jedire-api","timestamp":"2026-03-07T17:52:00.093Z"}
{"environment":"development","error":"column \"apartment_locator_id\" of relation \"properties\" does not exist","level":"error","message":"Failed to sync property","property":"Gardens at Washington Park 2","service":"jedire-api","timestamp":"2026-03-07T17:52:00.106Z"}
{"environment":"development","error":"column \"apartment_locator_id\" of relation \"properties\" does not exist","level":"error","message":"Failed to sync property","property":"AMLI Atlantic Station","service":"jedire-api","timestamp":"2026-03-07T17:52:00.119Z"}
{"environment":"development","error":"column \"apartment_locator_id\" of relation \"properties\" does not exist","level":"error","message":"Failed to sync property","property":"Star Metals","service":"jedire-api","timestamp":"2026-03-07T17:52:00.132Z"}
{"environment":"development","error":"column \"apartment_locator_id\" of relation \"properties\" does not exist","level":"error","message":"Failed to sync property","property":"Gardens at Washington Park 1","service":"jedire-api","timestamp":"2026-03-07T17:52:00.144Z"}
{"environment":"development","error":"column \"apartment_locator_id\" of relation \"properties\" does not exist","level":"error","message":"Failed to sync property","property":"Lumen Briarcliff","service":"jedire-api","timestamp":"2026-03-07T17:52:00.156Z"}
{"environment":"development","error":"column \"apartment_locator_id\" of relation \"properties\" does not exist","level":"error","message":"Failed to sync property","property":"Park at the Marketplace","service":"jedire-api","timestamp":"2026-03-07T17:52:00.168Z"}
{"environment":"development","error":"column \"apartment_locator_id\" of relation \"properties\" does not exist","level":"error","message":"Failed to sync property","property":"Ashley Scholars Landing","service":"jedire-api","timestamp":"2026-03-07T17:52:00.182Z"}
{"environment":"development","error":"column \"apartment_locator_id\" of relation \"properties\" does not exist","level":"error","message":"Failed to sync property","property":"Maverick Flats","service":"jedire-api","timestamp":"2026-03-07T17:52:00.195Z"}
{"environment":"development","error":"column \"apartment_locator_id\" of relation \"properties\" does not exist","level":"error","message":"Failed to sync property","property":"Park at Princeton Lakes","service":"jedire-api","timestamp":"2026-03-07T17:52:00.208Z"}
{"environment":"development","error":"column \"apartment_locator_id\" of relation \"properties\" does not exist","level":"error","message":"Failed to sync property","property":"Piedmont House","service":"jedire-api","timestamp":"2026-03-07T17:52:00.220Z"}
{"environment":"development","error":"column \"apartment_locator_id\" of relation \"properties\" does not exist","level":"error","message":"Failed to sync property","property":"Windsor Old Fourth Ward","service":"jedire-api","timestamp":"2026-03-07T17:52:00.233Z"}
{"environment":"development","error":"column \"apartment_locator_id\" of relation \"properties\" does not exist","level":"error","message":"Failed to sync property","property":"Telephone Factory Lofts","service":"jedire-api","timestamp":"2026-03-07T17:52:00.248Z"}
{"environment":"development","error":"column \"apartment_locator_id\" of relation \"properties\" does not exist","level":"error","message":"Failed to sync property","property":"Towne at Lakewood Heights","service":"jedire-api","timestamp":"2026-03-07T17:52:00.261Z"}
{"environment":"development","error":"column \"apartment_locator_id\" of relation \"properties\" does not exist","level":"error","message":"Failed to sync property","property":"The Hadley","service":"jedire-api","timestamp":"2026-03-07T17:52:00.275Z"}
{"environment":"development","error":"column \"apartment_locator_id\" of relation \"properties\" does not exist","level":"error","message":"Failed to sync property","property":"CoHo","service":"jedire-api","timestamp":"2026-03-07T17:52:00.294Z"}
{"environment":"development","error":"column \"apartment_locator_id\" of relation \"properties\" does not exist","level":"error","message":"Failed to sync property","property":"100 Midtown","service":"jedire-api","timestamp":"2026-03-07T17:52:00.307Z"}
{"environment":"development","error":"column \"apartment_locator_id\" of relation \"properties\" does not exist","level":"error","message":"Failed to sync property","property":"565 Hank by Windsor","service":"jedire-api","timestamp":"2026-03-07T17:52:00.320Z"}
{"environment":"development","error":"column \"apartment_locator_id\" of relation \"properties\" does not exist","level":"error","message":"Failed to sync property","property":"The Grant","service":"jedire-api","timestamp":"2026-03-07T17:52:00.333Z"}
{"environment":"development","error":"column \"apartment_locator_id\" of relation \"properties\" does not exist","level":"error","message":"Failed to sync property","property":"Castleberry Park","service":"jedire-api","timestamp":"2026-03-07T17:52:00.348Z"}
{"environment":"development","error":"column \"apartment_locator_id\" of relation \"properties\" does not exist","level":"error","message":"Failed to sync property","property":"The Residence Buckhead Atlanta","service":"jedire-api","timestamp":"2026-03-07T17:52:00.365Z"}
{"environment":"development","error":"column \"apartment_locator_id\" of relation \"properties\" does not exist","level":"error","message":"Failed to sync property","property":"Lofts at Abrams Fixtures","service":"jedire-api","timestamp":"2026-03-07T17:52:00.382Z"}
{"environment":"development","error":"column \"apartment_locator_id\" of relation \"properties\" does not exist","level":"error","message":"Failed to sync property","property":"The Beverly by Alta","service":"jedire-api","timestamp":"2026-03-07T17:52:00.399Z"}
{"environment":"development","error":"column \"apartment_locator_id\" of relation \"properties\" does not exist","level":"error","message":"Failed to sync property","property":"Windsor Hall","service":"jedire-api","timestamp":"2026-03-07T17:52:00.414Z"}
{"environment":"development","error":"column \"apartment_locator_id\" of relation \"properties\" does not exist","level":"error","message":"Failed to sync property","property":"City View Vinings Apartments","service":"jedire-api","timestamp":"2026-03-07T17:52:00.427Z"}
{"environment":"development","error":"column \"apartment_locator_id\" of relation \"properties\" does not exist","level":"error","message":"Failed to sync property","property":"Vibe at Echo Street West","service":"jedire-api","timestamp":"2026-03-07T17:52:00.440Z"}
{"environment":"development","error":"column \"apartment_locator_id\" of relation \"properties\" does not exist","level":"error","message":"Failed to sync property","property":"Marketplace Village","service":"jedire-api","timestamp":"2026-03-07T17:52:00.452Z"}
{"environment":"development","error":"column \"apartment_locator_id\" of relation \"properties\" does not exist","level":"error","message":"Failed to sync property","property":"Oak Pointe","service":"jedire-api","timestamp":"2026-03-07T17:52:00.464Z"}
{"environment":"development","error":"column \"apartment_locator_id\" of relation \"properties\" does not exist","level":"error","message":"Failed to sync property","property":"Trace","service":"jedire-api","timestamp":"2026-03-07T17:52:00.478Z"}
{"environment":"development","error":"column \"apartment_locator_id\" of relation \"properties\" does not exist","level":"error","message":"Failed to sync property","property":"LaFrance Square","service":"jedire-api","timestamp":"2026-03-07T17:52:00.491Z"}
{"environment":"development","error":"column \"apartment_locator_id\" of relation \"properties\" does not exist","level":"error","message":"Failed to sync property","property":"Avail Sandy Springs","service":"jedire-api","timestamp":"2026-03-07T17:52:00.504Z"}
{"environment":"development","error":"column \"apartment_locator_id\" of relation \"properties\" does not exist","level":"error","message":"Failed to sync property","property":"The Upton","service":"jedire-api","timestamp":"2026-03-07T17:52:00.517Z"}
{"environment":"development","error":"column \"apartment_locator_id\" of relation \"properties\" does not exist","level":"error","message":"Failed to sync property","property":"Nine15 Midtown","service":"jedire-api","timestamp":"2026-03-07T17:52:00.530Z"}
{"environment":"development","error":"column \"apartment_locator_id\" of relation \"properties\" does not exist","level":"error","message":"Failed to sync property","property":"915 Glenwood Apartments at Grant Park","service":"jedire-api","timestamp":"2026-03-07T17:52:00.544Z"}
{"environment":"development","error":"column \"apartment_locator_id\" of relation \"properties\" does not exist","level":"error","message":"Failed to sync property","property":"The Hue Midtown","service":"jedire-api","timestamp":"2026-03-07T17:52:00.556Z"}
{"environment":"development","error":"column \"apartment_locator_id\" of relation \"properties\" does not exist","level":"error","message":"Failed to sync property","property":"Lumen Doraville","service":"jedire-api","timestamp":"2026-03-07T17:52:00.570Z"}
{"environment":"development","error":"column \"apartment_locator_id\" of relation \"properties\" does not exist","level":"error","message":"Failed to sync property","property":"Emmi Midtown","service":"jedire-api","timestamp":"2026-03-07T17:52:00.583Z"}
{"environment":"development","error":"column \"apartment_locator_id\" of relation \"properties\" does not exist","level":"error","message":"Failed to sync property","property":"Revel Ballpark","service":"jedire-api","timestamp":"2026-03-07T17:52:00.595Z"}
{"environment":"development","error":"column \"apartment_locator_id\" of relation \"properties\" does not exist","level":"error","message":"Failed to sync property","property":"Chatsworth Apartments","service":"jedire-api","timestamp":"2026-03-07T17:52:00.609Z"}
{"environment":"development","error":"column \"apartment_locator_id\" of relation \"properties\" does not exist","level":"error","message":"Failed to sync property","property":"MAA Oglethorpe","service":"jedire-api","timestamp":"2026-03-07T17:52:00.622Z"}
{"environment":"development","error":"column \"apartment_locator_id\" of relation \"properties\" does not exist","level":"error","message":"Failed to sync property","property":"The Boro - Kings","service":"jedire-api","timestamp":"2026-03-07T17:52:00.636Z"}
{"environment":"development","error":"column \"apartment_locator_id\" of relation \"properties\" does not exist","level":"error","message":"Failed to sync property","property":"The Boro - Phipps","service":"jedire-api","timestamp":"2026-03-07T17:52:00.648Z"}
{"environment":"development","error":"column \"apartment_locator_id\" of relation \"properties\" does not exist","level":"error","message":"Failed to sync property","property":"INDIGO","service":"jedire-api","timestamp":"2026-03-07T17:52:00.661Z"}
{"environment":"development","error":"column \"apartment_locator_id\" of relation \"properties\" does not exist","level":"error","message":"Failed to sync property","property":"The Strand at Lenox","service":"jedire-api","timestamp":"2026-03-07T17:52:00.673Z"}
{"environment":"development","error":"column \"apartment_locator_id\" of relation \"properties\" does not exist","level":"error","message":"Failed to sync property","property":"MAA Briarcliff","service":"jedire-api","timestamp":"2026-03-07T17:52:00.686Z"}
{"environment":"development","error":"column \"apartment_locator_id\" of relation \"properties\" does not exist","level":"error","message":"Failed to sync property","property":"The Legacy at Druid Hills","service":"jedire-api","timestamp":"2026-03-07T17:52:00.699Z"}
{"environment":"development","error":"column \"apartment_locator_id\" of relation \"properties\" does not exist","level":"error","message":"Failed to sync property","property":"Audubon Briarcliff","service":"jedire-api","timestamp":"2026-03-07T17:52:00.713Z"}
{"environment":"development","error":"column \"apartment_locator_id\" of relation \"properties\" does not exist","level":"error","message":"Failed to sync property","property":"The Hendrix","service":"jedire-api","timestamp":"2026-03-07T17:52:00.726Z"}
{"environment":"development","error":"column \"apartment_locator_id\" of relation \"properties\" does not exist","level":"error","message":"Failed to sync property","property":"Rio At Lenox","service":"jedire-api","timestamp":"2026-03-07T17:52:00.739Z"}
{"environment":"development","error":"column \"apartment_locator_id\" of relation \"properties\" does not exist","level":"error","message":"Failed to sync property","property":"Lenox Place","service":"jedire-api","timestamp":"2026-03-07T17:52:00.752Z"}
{"environment":"development","error":"column \"apartment_locator_id\" of relation \"properties\" does not exist","level":"error","message":"Failed to sync property","property":"AMLI Buckhead","service":"jedire-api","timestamp":"2026-03-07T17:52:00.764Z"}
{"environment":"development","error":"column \"apartment_locator_id\" of relation \"properties\" does not exist","level":"error","message":"Failed to sync property","property":"The Heights at Dunwoody","service":"jedire-api","timestamp":"2026-03-07T17:52:00.777Z"}
{"environment":"development","error":"column \"apartment_locator_id\" of relation \"properties\" does not exist","level":"error","message":"Failed to sync property","property":"Reserve at Lenox Park","service":"jedire-api","timestamp":"2026-03-07T17:52:00.789Z"}
{"environment":"development","error":"column \"apartment_locator_id\" of relation \"properties\" does not exist","level":"error","message":"Failed to sync property","property":"Arium Lenox Park","service":"jedire-api","timestamp":"2026-03-07T17:52:00.806Z"}
{"environment":"development","error":"column \"apartment_locator_id\" of relation \"properties\" does not exist","level":"error","message":"Failed to sync property","property":"MAA Brookhaven","service":"jedire-api","timestamp":"2026-03-07T17:52:00.820Z"}
{"environment":"development","error":"column \"apartment_locator_id\" of relation \"properties\" does not exist","level":"error","message":"Failed to sync property","property":"Gables Century Center","service":"jedire-api","timestamp":"2026-03-07T17:52:00.833Z"}
{"environment":"development","error":"column \"apartment_locator_id\" of relation \"properties\" does not exist","level":"error","message":"Failed to sync property","property":"Hawthorne North Druid Hills","service":"jedire-api","timestamp":"2026-03-07T17:52:00.846Z"}
{"environment":"development","error":"column \"apartment_locator_id\" of relation \"properties\" does not exist","level":"error","message":"Failed to sync property","property":"Lumen Briarcliff","service":"jedire-api","timestamp":"2026-03-07T17:52:00.858Z"}
{"environment":"development","error":"column \"apartment_locator_id\" of relation \"properties\" does not exist","level":"error","message":"Failed to sync property","property":"AMLI Flatiron","service":"jedire-api","timestamp":"2026-03-07T17:52:00.871Z"}
{"environment":"development","error":"column \"apartment_locator_id\" of relation \"properties\" does not exist","level":"error","message":"Failed to sync property","property":"The Huntley Luxury Apartments","service":"jedire-api","timestamp":"2026-03-07T17:52:00.883Z"}
{"environment":"development","error":"column \"apartment_locator_id\" of relation \"properties\" does not exist","level":"error","message":"Failed to sync property","property":"Centra at North Druid Hills","service":"jedire-api","timestamp":"2026-03-07T17:52:00.897Z"}
{"environment":"development","error":"column \"apartment_locator_id\" of relation \"properties\" does not exist","level":"error","message":"Failed to sync property","property":"Riva Apartments","service":"jedire-api","timestamp":"2026-03-07T17:52:00.909Z"}
{"environment":"development","error":"column \"apartment_locator_id\" of relation \"properties\" does not exist","level":"error","message":"Failed to sync property","property":"The Kendrick","service":"jedire-api","timestamp":"2026-03-07T17:52:00.922Z"}
{"environment":"development","error":"column \"apartment_locator_id\" of relation \"properties\" does not exist","level":"error","message":"Failed to sync property","property":"Brookleigh Flats Apartments","service":"jedire-api","timestamp":"2026-03-07T17:52:00.934Z"}
{"environment":"development","error":"column \"apartment_locator_id\" of relation \"properties\" does not exist","level":"error","message":"Failed to sync property","property":"The Atlantic Brookhaven","service":"jedire-api","timestamp":"2026-03-07T17:52:00.947Z"}
{"environment":"development","error":"column \"apartment_locator_id\" of relation \"properties\" does not exist","level":"error","message":"Failed to sync property","property":"Arrive Buckhead","service":"jedire-api","timestamp":"2026-03-07T17:52:00.959Z"}
{"environment":"development","error":"column \"apartment_locator_id\" of relation \"properties\" does not exist","level":"error","message":"Failed to sync property","property":"Sloan Square","service":"jedire-api","timestamp":"2026-03-07T17:52:00.973Z"}
{"environment":"development","error":"column \"apartment_locator_id\" of relation \"properties\" does not exist","level":"error","message":"Failed to sync property","property":"Cortland Druid Hills","service":"jedire-api","timestamp":"2026-03-07T17:52:00.985Z"}
{"environment":"development","error":"column \"apartment_locator_id\" of relation \"properties\" does not exist","level":"error","message":"Failed to sync property","property":"Marq at Brookhaven","service":"jedire-api","timestamp":"2026-03-07T17:52:00.999Z"}
{"environment":"development","error":"column \"apartment_locator_id\" of relation \"properties\" does not exist","level":"error","message":"Failed to sync property","property":"MAA Glen","service":"jedire-api","timestamp":"2026-03-07T17:52:01.013Z"}
{"environment":"development","error":"column \"apartment_locator_id\" of relation \"properties\" does not exist","level":"error","message":"Failed to sync property","property":"Sorelle","service":"jedire-api","timestamp":"2026-03-07T17:52:01.028Z"}
{"environment":"development","error":"column \"apartment_locator_id\" of relation \"properties\" does not exist","level":"error","message":"Failed to sync property","property":"Lakeshore Crossing","service":"jedire-api","timestamp":"2026-03-07T17:52:01.040Z"}
{"environment":"development","error":"column \"apartment_locator_id\" of relation \"properties\" does not exist","level":"error","message":"Failed to sync property","property":"Evergreen Lenox Park","service":"jedire-api","timestamp":"2026-03-07T17:52:01.055Z"}
{"environment":"development","error":"column \"apartment_locator_id\" of relation \"properties\" does not exist","level":"error","message":"Failed to sync property","property":"The Drexel Collective","service":"jedire-api","timestamp":"2026-03-07T17:52:01.071Z"}
{"environment":"development","error":"column \"apartment_locator_id\" of relation \"properties\" does not exist","level":"error","message":"Failed to sync property","property":"Dunwoody Exchange Apartments","service":"jedire-api","timestamp":"2026-03-07T17:52:01.084Z"}
{"environment":"development","error":"column \"apartment_locator_id\" of relation \"properties\" does not exist","level":"error","message":"Failed to sync property","property":"Bellamy Executive Park","service":"jedire-api","timestamp":"2026-03-07T17:52:01.097Z"}
{"environment":"development","error":"column \"apartment_locator_id\" of relation \"properties\" does not exist","level":"error","message":"Failed to sync property","property":"Cortland at Phipps Plaza","service":"jedire-api","timestamp":"2026-03-07T17:52:01.109Z"}
{"environment":"development","error":"column \"apartment_locator_id\" of relation \"properties\" does not exist","level":"error","message":"Failed to sync property","property":"The Elden Galleria","service":"jedire-api","timestamp":"2026-03-07T17:52:01.121Z"}
{"environment":"development","error":"column \"apartment_locator_id\" of relation \"properties\" does not exist","level":"error","message":"Failed to sync property","property":"400 Winchester","service":"jedire-api","timestamp":"2026-03-07T17:52:01.134Z"}
{"environment":"development","error":"column \"apartment_locator_id\" of relation \"properties\" does not exist","level":"error","message":"Failed to sync property","property":"Willowest in Vinings","service":"jedire-api","timestamp":"2026-03-07T17:52:01.149Z"}
{"environment":"development","error":"column \"apartment_locator_id\" of relation \"properties\" does not exist","level":"error","message":"Failed to sync property","property":"Magnolia Vinings","service":"jedire-api","timestamp":"2026-03-07T17:52:01.161Z"}
{"environment":"development","error":"column \"apartment_locator_id\" of relation \"properties\" does not exist","level":"error","message":"Failed to sync property","property":"Ellison Parkview","service":"jedire-api","timestamp":"2026-03-07T17:52:01.173Z"}
{"environment":"development","error":"column \"apartment_locator_id\" of relation \"properties\" does not exist","level":"error","message":"Failed to sync property","property":"Stillhouse Vinings","service":"jedire-api","timestamp":"2026-03-07T17:52:01.186Z"}
{"environment":"development","error":"column \"apartment_locator_id\" of relation \"properties\" does not exist","level":"error","message":"Failed to sync property","property":"Gables Vinings Village","service":"jedire-api","timestamp":"2026-03-07T17:52:01.199Z"}
{"environment":"development","error":"column \"apartment_locator_id\" of relation \"properties\" does not exist","level":"error","message":"Failed to sync property","property":"The Registry on the Park","service":"jedire-api","timestamp":"2026-03-07T17:52:01.214Z"}
{"environment":"development","error":"column \"apartment_locator_id\" of relation \"properties\" does not exist","level":"error","message":"Failed to sync property","property":"Cortland Oleander","service":"jedire-api","timestamp":"2026-03-07T17:52:01.227Z"}
{"environment":"development","error":"column \"apartment_locator_id\" of relation \"properties\" does not exist","level":"error","message":"Failed to sync property","property":"55 Pharr","service":"jedire-api","timestamp":"2026-03-07T17:52:01.239Z"}
{"environment":"development","error":"column \"apartment_locator_id\" of relation \"properties\" does not exist","level":"error","message":"Failed to sync property","property":"Alexan on 8th","service":"jedire-api","timestamp":"2026-03-07T17:52:01.253Z"}
{"environment":"development","error":"column \"apartment_locator_id\" of relation \"properties\" does not exist","level":"error","message":"Failed to sync property","property":"Lilli Midtown","service":"jedire-api","timestamp":"2026-03-07T17:52:01.266Z"}
{"environment":"development","error":"column \"apartment_locator_id\" of relation \"properties\" does not exist","level":"error","message":"Failed to sync property","property":"The Greens at Cascade Apartment Homes","service":"jedire-api","timestamp":"2026-03-07T17:52:01.278Z"}
{"environment":"development","error":"column \"apartment_locator_id\" of relation \"properties\" does not exist","level":"error","message":"Failed to sync property","property":"Live 8 West","service":"jedire-api","timestamp":"2026-03-07T17:52:01.291Z"}
{"environment":"development","error":"column \"apartment_locator_id\" of relation \"properties\" does not exist","level":"error","message":"Failed to sync property","property":"Ashley Scholars Landing","service":"jedire-api","timestamp":"2026-03-07T17:52:01.305Z"}
{"environment":"development","error":"column \"apartment_locator_id\" of relation \"properties\" does not exist","level":"error","message":"Failed to sync property","property":"Link Apartments® Grant Park","service":"jedire-api","timestamp":"2026-03-07T17:52:01.318Z"}
{"environment":"development","error":"column \"apartment_locator_id\" of relation \"properties\" does not exist","level":"error","message":"Failed to sync property","property":"Smith and Porter","service":"jedire-api","timestamp":"2026-03-07T17:52:01.331Z"}
{"environment":"development","error":"column \"apartment_locator_id\" of relation \"properties\" does not exist","level":"error","message":"Failed to sync property","property":"The Tower on Piedmont","service":"jedire-api","timestamp":"2026-03-07T17:52:01.345Z"}
{"environment":"development","error":"invalid input value for enum property_type: \"Multifamily\"","level":"error","message":"Failed to sync property","property":"AMLI Arts Center","service":"jedire-api","timestamp":"2026-03-07T17:52:42.256Z"}
{"environment":"development","error":"invalid input value for enum property_type: \"Multifamily\"","level":"error","message":"Failed to sync property","property":"The Atlantic Brookwood","service":"jedire-api","timestamp":"2026-03-07T17:52:42.269Z"}
{"environment":"development","error":"invalid input value for enum property_type: \"Multifamily\"","level":"error","message":"Failed to sync property","property":"Link Apartments Canvas","service":"jedire-api","timestamp":"2026-03-07T17:52:42.282Z"}
{"environment":"development","error":"invalid input value for enum property_type: \"Multifamily\"","level":"error","message":"Failed to sync property","property":"Westside Court","service":"jedire-api","timestamp":"2026-03-07T17:52:42.297Z"}
{"environment":"development","error":"invalid input value for enum property_type: \"Multifamily\"","level":"error","message":"Failed to sync property","property":"Prominence","service":"jedire-api","timestamp":"2026-03-07T17:52:42.311Z"}
{"environment":"development","error":"invalid input value for enum property_type: \"Multifamily\"","level":"error","message":"Failed to sync property","property":"Ashley Auburn Pointe","service":"jedire-api","timestamp":"2026-03-07T17:52:42.326Z"}
{"environment":"development","error":"invalid input value for enum property_type: \"Multifamily\"","level":"error","message":"Failed to sync property","property":"Gardens at Washington Park 2","service":"jedire-api","timestamp":"2026-03-07T17:52:42.340Z"}
{"environment":"development","error":"invalid input value for enum property_type: \"Multifamily\"","level":"error","message":"Failed to sync property","property":"AMLI Atlantic Station","service":"jedire-api","timestamp":"2026-03-07T17:52:42.355Z"}
{"environment":"development","error":"invalid input value for enum property_type: \"Multifamily\"","level":"error","message":"Failed to sync property","property":"Star Metals","service":"jedire-api","timestamp":"2026-03-07T17:52:42.369Z"}
{"environment":"development","error":"invalid input value for enum property_type: \"Multifamily\"","level":"error","message":"Failed to sync property","property":"Gardens at Washington Park 1","service":"jedire-api","timestamp":"2026-03-07T17:52:42.382Z"}
{"environment":"development","error":"invalid input value for enum property_type: \"Multifamily\"","level":"error","message":"Failed to sync property","property":"Lumen Briarcliff","service":"jedire-api","timestamp":"2026-03-07T17:52:42.396Z"}
{"environment":"development","error":"invalid input value for enum property_type: \"Multifamily\"","level":"error","message":"Failed to sync property","property":"Park at the Marketplace","service":"jedire-api","timestamp":"2026-03-07T17:52:42.411Z"}
{"environment":"development","error":"invalid input value for enum property_type: \"Multifamily\"","level":"error","message":"Failed to sync property","property":"Ashley Scholars Landing","service":"jedire-api","timestamp":"2026-03-07T17:52:42.424Z"}
{"environment":"development","error":"invalid input value for enum property_type: \"Multifamily\"","level":"error","message":"Failed to sync property","property":"Maverick Flats","service":"jedire-api","timestamp":"2026-03-07T17:52:42.438Z"}
{"environment":"development","error":"invalid input value for enum property_type: \"Multifamily\"","level":"error","message":"Failed to sync property","property":"Park at Princeton Lakes","service":"jedire-api","timestamp":"2026-03-07T17:52:42.451Z"}
{"environment":"development","error":"invalid input value for enum property_type: \"Multifamily\"","level":"error","message":"Failed to sync property","property":"Piedmont House","service":"jedire-api","timestamp":"2026-03-07T17:52:42.465Z"}
{"environment":"development","error":"invalid input value for enum property_type: \"Multifamily\"","level":"error","message":"Failed to sync property","property":"Windsor Old Fourth Ward","service":"jedire-api","timestamp":"2026-03-07T17:52:42.478Z"}
{"environment":"development","error":"invalid input value for enum property_type: \"Multifamily\"","level":"error","message":"Failed to sync property","property":"Telephone Factory Lofts","service":"jedire-api","timestamp":"2026-03-07T17:52:42.492Z"}
{"environment":"development","error":"invalid input value for enum property_type: \"Multifamily\"","level":"error","message":"Failed to sync property","property":"Towne at Lakewood Heights","service":"jedire-api","timestamp":"2026-03-07T17:52:42.506Z"}
{"environment":"development","error":"invalid input value for enum property_type: \"Multifamily\"","level":"error","message":"Failed to sync property","property":"The Hadley","service":"jedire-api","timestamp":"2026-03-07T17:52:42.521Z"}
{"environment":"development","error":"invalid input value for enum property_type: \"Multifamily\"","level":"error","message":"Failed to sync property","property":"CoHo","service":"jedire-api","timestamp":"2026-03-07T17:52:42.533Z"}
{"environment":"development","error":"invalid input value for enum property_type: \"Multifamily\"","level":"error","message":"Failed to sync property","property":"100 Midtown","service":"jedire-api","timestamp":"2026-03-07T17:52:42.547Z"}
{"environment":"development","error":"invalid input value for enum property_type: \"Multifamily\"","level":"error","message":"Failed to sync property","property":"565 Hank by Windsor","service":"jedire-api","timestamp":"2026-03-07T17:52:42.560Z"}
{"environment":"development","error":"invalid input value for enum property_type: \"Multifamily\"","level":"error","message":"Failed to sync property","property":"The Grant","service":"jedire-api","timestamp":"2026-03-07T17:52:42.572Z"}
{"environment":"development","error":"invalid input value for enum property_type: \"Multifamily\"","level":"error","message":"Failed to sync property","property":"Castleberry Park","service":"jedire-api","timestamp":"2026-03-07T17:52:42.587Z"}
{"environment":"development","error":"invalid input value for enum property_type: \"Multifamily\"","level":"error","message":"Failed to sync property","property":"The Residence Buckhead Atlanta","service":"jedire-api","timestamp":"2026-03-07T17:52:42.600Z"}
{"environment":"development","error":"invalid input value for enum property_type: \"Multifamily\"","level":"error","message":"Failed to sync property","property":"Lofts at Abrams Fixtures","service":"jedire-api","timestamp":"2026-03-07T17:52:42.614Z"}
{"environment":"development","error":"invalid input value for enum property_type: \"Multifamily\"","level":"error","message":"Failed to sync property","property":"The Beverly by Alta","service":"jedire-api","timestamp":"2026-03-07T17:52:42.627Z"}
{"environment":"development","error":"invalid input value for enum property_type: \"Multifamily\"","level":"error","message":"Failed to sync property","property":"Windsor Hall","service":"jedire-api","timestamp":"2026-03-07T17:52:42.640Z"}
{"environment":"development","error":"invalid input value for enum property_type: \"Multifamily\"","level":"error","message":"Failed to sync property","property":"City View Vinings Apartments","service":"jedire-api","timestamp":"2026-03-07T17:52:42.652Z"}
{"environment":"development","error":"invalid input value for enum property_type: \"Multifamily\"","level":"error","message":"Failed to sync property","property":"Vibe at Echo Street West","service":"jedire-api","timestamp":"2026-03-07T17:52:42.665Z"}
{"environment":"development","error":"invalid input value for enum property_type: \"Multifamily\"","level":"error","message":"Failed to sync property","property":"Marketplace Village","service":"jedire-api","timestamp":"2026-03-07T17:52:42.678Z"}
{"environment":"development","error":"invalid input value for enum property_type: \"Multifamily\"","level":"error","message":"Failed to sync property","property":"Oak Pointe","service":"jedire-api","timestamp":"2026-03-07T17:52:42.690Z"}
{"environment":"development","error":"invalid input value for enum property_type: \"Multifamily\"","level":"error","message":"Failed to sync property","property":"Trace","service":"jedire-api","timestamp":"2026-03-07T17:52:42.703Z"}
{"environment":"development","error":"invalid input value for enum property_type: \"Multifamily\"","level":"error","message":"Failed to sync property","property":"LaFrance Square","service":"jedire-api","timestamp":"2026-03-07T17:52:42.716Z"}
{"environment":"development","error":"invalid input value for enum property_type: \"Multifamily\"","level":"error","message":"Failed to sync property","property":"Avail Sandy Springs","service":"jedire-api","timestamp":"2026-03-07T17:52:42.730Z"}
{"environment":"development","error":"invalid input value for enum property_type: \"Multifamily\"","level":"error","message":"Failed to sync property","property":"The Upton","service":"jedire-api","timestamp":"2026-03-07T17:52:42.744Z"}
{"environment":"development","error":"invalid input value for enum property_type: \"Multifamily\"","level":"error","message":"Failed to sync property","property":"Nine15 Midtown","service":"jedire-api","timestamp":"2026-03-07T17:52:42.756Z"}
{"environment":"development","error":"invalid input value for enum property_type: \"Multifamily\"","level":"error","message":"Failed to sync property","property":"915 Glenwood Apartments at Grant Park","service":"jedire-api","timestamp":"2026-03-07T17:52:42.772Z"}
{"environment":"development","error":"invalid input value for enum property_type: \"Multifamily\"","level":"error","message":"Failed to sync property","property":"The Hue Midtown","service":"jedire-api","timestamp":"2026-03-07T17:52:42.785Z"}
{"environment":"development","error":"invalid input value for enum property_type: \"Multifamily\"","level":"error","message":"Failed to sync property","property":"Lumen Doraville","service":"jedire-api","timestamp":"2026-03-07T17:52:42.797Z"}
{"environment":"development","error":"invalid input value for enum property_type: \"Multifamily\"","level":"error","message":"Failed to sync property","property":"Emmi Midtown","service":"jedire-api","timestamp":"2026-03-07T17:52:42.811Z"}
{"environment":"development","error":"invalid input value for enum property_type: \"Multifamily\"","level":"error","message":"Failed to sync property","property":"Revel Ballpark","service":"jedire-api","timestamp":"2026-03-07T17:52:42.824Z"}
{"environment":"development","error":"invalid input value for enum property_type: \"Multifamily\"","level":"error","message":"Failed to sync property","property":"Chatsworth Apartments","service":"jedire-api","timestamp":"2026-03-07T17:52:42.837Z"}
{"environment":"development","error":"invalid input value for enum property_type: \"Multifamily\"","level":"error","message":"Failed to sync property","property":"MAA Oglethorpe","service":"jedire-api","timestamp":"2026-03-07T17:52:42.851Z"}
{"environment":"development","error":"invalid input value for enum property_type: \"Multifamily\"","level":"error","message":"Failed to sync property","property":"The Boro - Kings","service":"jedire-api","timestamp":"2026-03-07T17:52:42.864Z"}
{"environment":"development","error":"invalid input value for enum property_type: \"Multifamily\"","level":"error","message":"Failed to sync property","property":"The Boro - Phipps","service":"jedire-api","timestamp":"2026-03-07T17:52:42.877Z"}
{"environment":"development","error":"invalid input value for enum property_type: \"Multifamily\"","level":"error","message":"Failed to sync property","property":"INDIGO","service":"jedire-api","timestamp":"2026-03-07T17:52:42.891Z"}
{"environment":"development","error":"invalid input value for enum property_type: \"Multifamily\"","level":"error","message":"Failed to sync property","property":"The Strand at Lenox","service":"jedire-api","timestamp":"2026-03-07T17:52:42.906Z"}
{"environment":"development","error":"invalid input value for enum property_type: \"Multifamily\"","level":"error","message":"Failed to sync property","property":"MAA Briarcliff","service":"jedire-api","timestamp":"2026-03-07T17:52:42.920Z"}
{"environment":"development","error":"invalid input value for enum property_type: \"Multifamily\"","level":"error","message":"Failed to sync property","property":"The Legacy at Druid Hills","service":"jedire-api","timestamp":"2026-03-07T17:52:42.934Z"}
{"environment":"development","error":"invalid input value for enum property_type: \"Multifamily\"","level":"error","message":"Failed to sync property","property":"Audubon Briarcliff","service":"jedire-api","timestamp":"2026-03-07T17:52:42.948Z"}
{"environment":"development","error":"invalid input value for enum property_type: \"Multifamily\"","level":"error","message":"Failed to sync property","property":"The Hendrix","service":"jedire-api","timestamp":"2026-03-07T17:52:42.963Z"}
{"environment":"development","error":"invalid input value for enum property_type: \"Multifamily\"","level":"error","message":"Failed to sync property","property":"Rio At Lenox","service":"jedire-api","timestamp":"2026-03-07T17:52:42.975Z"}
{"environment":"development","error":"invalid input value for enum property_type: \"Multifamily\"","level":"error","message":"Failed to sync property","property":"Lenox Place","service":"jedire-api","timestamp":"2026-03-07T17:52:42.989Z"}
{"environment":"development","error":"invalid input value for enum property_type: \"Multifamily\"","level":"error","message":"Failed to sync property","property":"AMLI Buckhead","service":"jedire-api","timestamp":"2026-03-07T17:52:43.002Z"}
{"environment":"development","error":"invalid input value for enum property_type: \"Multifamily\"","level":"error","message":"Failed to sync property","property":"The Heights at Dunwoody","service":"jedire-api","timestamp":"2026-03-07T17:52:43.015Z"}
{"environment":"development","error":"invalid input value for enum property_type: \"Multifamily\"","level":"error","message":"Failed to sync property","property":"Reserve at Lenox Park","service":"jedire-api","timestamp":"2026-03-07T17:52:43.031Z"}
{"environment":"development","error":"invalid input value for enum property_type: \"Multifamily\"","level":"error","message":"Failed to sync property","property":"Arium Lenox Park","service":"jedire-api","timestamp":"2026-03-07T17:52:43.043Z"}
{"environment":"development","error":"invalid input value for enum property_type: \"Multifamily\"","level":"error","message":"Failed to sync property","property":"MAA Brookhaven","service":"jedire-api","timestamp":"2026-03-07T17:52:43.056Z"}
{"environment":"development","error":"invalid input value for enum property_type: \"Multifamily\"","level":"error","message":"Failed to sync property","property":"Gables Century Center","service":"jedire-api","timestamp":"2026-03-07T17:52:43.069Z"}
{"environment":"development","error":"invalid input value for enum property_type: \"Multifamily\"","level":"error","message":"Failed to sync property","property":"Hawthorne North Druid Hills","service":"jedire-api","timestamp":"2026-03-07T17:52:43.081Z"}
{"environment":"development","error":"invalid input value for enum property_type: \"Multifamily\"","level":"error","message":"Failed to sync property","property":"Lumen Briarcliff","service":"jedire-api","timestamp":"2026-03-07T17:52:43.094Z"}
{"environment":"development","error":"invalid input value for enum property_type: \"Multifamily\"","level":"error","message":"Failed to sync property","property":"AMLI Flatiron","service":"jedire-api","timestamp":"2026-03-07T17:52:43.107Z"}
{"environment":"development","error":"invalid input value for enum property_type: \"Multifamily\"","level":"error","message":"Failed to sync property","property":"The Huntley Luxury Apartments","service":"jedire-api","timestamp":"2026-03-07T17:52:43.120Z"}
{"environment":"development","error":"invalid input value for enum property_type: \"Multifamily\"","level":"error","message":"Failed to sync property","property":"Centra at North Druid Hills","service":"jedire-api","timestamp":"2026-03-07T17:52:43.135Z"}
{"environment":"development","error":"invalid input value for enum property_type: \"Multifamily\"","level":"error","message":"Failed to sync property","property":"Riva Apartments","service":"jedire-api","timestamp":"2026-03-07T17:52:43.148Z"}
{"environment":"development","error":"invalid input value for enum property_type: \"Multifamily\"","level":"error","message":"Failed to sync property","property":"The Kendrick","service":"jedire-api","timestamp":"2026-03-07T17:52:43.162Z"}
{"environment":"development","error":"invalid input value for enum property_type: \"Multifamily\"","level":"error","message":"Failed to sync property","property":"Brookleigh Flats Apartments","service":"jedire-api","timestamp":"2026-03-07T17:52:43.174Z"}
{"environment":"development","error":"invalid input value for enum property_type: \"Multifamily\"","level":"error","message":"Failed to sync property","property":"The Atlantic Brookhaven","service":"jedire-api","timestamp":"2026-03-07T17:52:43.189Z"}
{"environment":"development","error":"invalid input value for enum property_type: \"Multifamily\"","level":"error","message":"Failed to sync property","property":"Arrive Buckhead","service":"jedire-api","timestamp":"2026-03-07T17:52:43.203Z"}
{"environment":"development","error":"invalid input value for enum property_type: \"Multifamily\"","level":"error","message":"Failed to sync property","property":"Sloan Square","service":"jedire-api","timestamp":"2026-03-07T17:52:43.217Z"}
{"environment":"development","error":"invalid input value for enum property_type: \"Multifamily\"","level":"error","message":"Failed to sync property","property":"Cortland Druid Hills","service":"jedire-api","timestamp":"2026-03-07T17:52:43.229Z"}
{"environment":"development","error":"invalid input value for enum property_type: \"Multifamily\"","level":"error","message":"Failed to sync property","property":"Marq at Brookhaven","service":"jedire-api","timestamp":"2026-03-07T17:52:43.243Z"}
{"environment":"development","error":"invalid input value for enum property_type: \"Multifamily\"","level":"error","message":"Failed to sync property","property":"MAA Glen","service":"jedire-api","timestamp":"2026-03-07T17:52:43.256Z"}
{"environment":"development","error":"invalid input value for enum property_type: \"Multifamily\"","level":"error","message":"Failed to sync property","property":"Sorelle","service":"jedire-api","timestamp":"2026-03-07T17:52:43.267Z"}
{"environment":"development","error":"invalid input value for enum property_type: \"Multifamily\"","level":"error","message":"Failed to sync property","property":"Lakeshore Crossing","service":"jedire-api","timestamp":"2026-03-07T17:52:43.283Z"}
{"environment":"development","error":"invalid input value for enum property_type: \"Multifamily\"","level":"error","message":"Failed to sync property","property":"Evergreen Lenox Park","service":"jedire-api","timestamp":"2026-03-07T17:52:43.296Z"}
{"environment":"development","error":"invalid input value for enum property_type: \"Multifamily\"","level":"error","message":"Failed to sync property","property":"The Drexel Collective","service":"jedire-api","timestamp":"2026-03-07T17:52:43.309Z"}
{"environment":"development","error":"invalid input value for enum property_type: \"Multifamily\"","level":"error","message":"Failed to sync property","property":"Dunwoody Exchange Apartments","service":"jedire-api","timestamp":"2026-03-07T17:52:43.325Z"}
{"environment":"development","error":"invalid input value for enum property_type: \"Multifamily\"","level":"error","message":"Failed to sync property","property":"Bellamy Executive Park","service":"jedire-api","timestamp":"2026-03-07T17:52:43.339Z"}
{"environment":"development","error":"invalid input value for enum property_type: \"Multifamily\"","level":"error","message":"Failed to sync property","property":"Cortland at Phipps Plaza","service":"jedire-api","timestamp":"2026-03-07T17:52:43.353Z"}
{"environment":"development","error":"invalid input value for enum property_type: \"Multifamily\"","level":"error","message":"Failed to sync property","property":"The Elden Galleria","service":"jedire-api","timestamp":"2026-03-07T17:52:43.368Z"}
{"environment":"development","error":"invalid input value for enum property_type: \"Multifamily\"","level":"error","message":"Failed to sync property","property":"400 Winchester","service":"jedire-api","timestamp":"2026-03-07T17:52:43.382Z"}
{"environment":"development","error":"invalid input value for enum property_type: \"Multifamily\"","level":"error","message":"Failed to sync property","property":"Willowest in Vinings","service":"jedire-api","timestamp":"2026-03-07T17:52:43.397Z"}
{"environment":"development","error":"invalid input value for enum property_type: \"Multifamily\"","level":"error","message":"Failed to sync property","property":"Magnolia Vinings","service":"jedire-api","timestamp":"2026-03-07T17:52:43.411Z"}
{"environment":"development","error":"invalid input value for enum property_type: \"Multifamily\"","level":"error","message":"Failed to sync property","property":"Ellison Parkview","service":"jedire-api","timestamp":"2026-03-07T17:52:43.424Z"}
{"environment":"development","error":"invalid input value for enum property_type: \"Multifamily\"","level":"error","message":"Failed to sync property","property":"Stillhouse Vinings","service":"jedire-api","timestamp":"2026-03-07T17:52:43.438Z"}
{"environment":"development","error":"invalid input value for enum property_type: \"Multifamily\"","level":"error","message":"Failed to sync property","property":"Gables Vinings Village","service":"jedire-api","timestamp":"2026-03-07T17:52:43.457Z"}
{"environment":"development","error":"invalid input value for enum property_type: \"Multifamily\"","level":"error","message":"Failed to sync property","property":"The Registry on the Park","service":"jedire-api","timestamp":"2026-03-07T17:52:43.470Z"}
{"environment":"development","error":"invalid input value for enum property_type: \"Multifamily\"","level":"error","message":"Failed to sync property","property":"Cortland Oleander","service":"jedire-api","timestamp":"2026-03-07T17:52:43.483Z"}
{"environment":"development","error":"invalid input value for enum property_type: \"Multifamily\"","level":"error","message":"Failed to sync property","property":"55 Pharr","service":"jedire-api","timestamp":"2026-03-07T17:52:43.496Z"}
{"environment":"development","error":"invalid input value for enum property_type: \"Multifamily\"","level":"error","message":"Failed to sync property","property":"Alexan on 8th","service":"jedire-api","timestamp":"2026-03-07T17:52:43.509Z"}
{"environment":"development","error":"invalid input value for enum property_type: \"Multifamily\"","level":"error","message":"Failed to sync property","property":"Lilli Midtown","service":"jedire-api","timestamp":"2026-03-07T17:52:43.523Z"}
{"environment":"development","error":"invalid input value for enum property_type: \"Multifamily\"","level":"error","message":"Failed to sync property","property":"The Greens at Cascade Apartment Homes","service":"jedire-api","timestamp":"2026-03-07T17:52:43.539Z"}
{"environment":"development","error":"invalid input value for enum property_type: \"Multifamily\"","level":"error","message":"Failed to sync property","property":"Live 8 West","service":"jedire-api","timestamp":"2026-03-07T17:52:43.552Z"}
{"environment":"development","error":"invalid input value for enum property_type: \"Multifamily\"","level":"error","message":"Failed to sync property","property":"Ashley Scholars Landing","service":"jedire-api","timestamp":"2026-03-07T17:52:43.565Z"}
{"environment":"development","error":"invalid input value for enum property_type: \"Multifamily\"","level":"error","message":"Failed to sync property","property":"Link Apartments® Grant Park","service":"jedire-api","timestamp":"2026-03-07T17:52:43.579Z"}
{"environment":"development","error":"invalid input value for enum property_type: \"Multifamily\"","level":"error","message":"Failed to sync property","property":"Smith and Porter","service":"jedire-api","timestamp":"2026-03-07T17:52:43.592Z"}
{"environment":"development","error":"invalid input value for enum property_type: \"Multifamily\"","level":"error","message":"Failed to sync property","property":"The Tower on Piedmont","service":"jedire-api","timestamp":"2026-03-07T17:52:43.604Z"}
{"environment":"development","error":"invalid input syntax for type integer: \"NaN\"","level":"error","message":"Failed to sync property","property":"MAA Oglethorpe","service":"jedire-api","timestamp":"2026-03-07T17:53:09.715Z"}
{"environment":"development","error":"invalid input syntax for type integer: \"NaN\"","level":"error","message":"Failed to sync property","property":"The Boro - Kings","service":"jedire-api","timestamp":"2026-03-07T17:53:09.729Z"}
{"environment":"development","error":"invalid input syntax for type integer: \"NaN\"","level":"error","message":"Failed to sync property","property":"The Boro - Phipps","service":"jedire-api","timestamp":"2026-03-07T17:53:09.744Z"}
{"environment":"development","error":"invalid input syntax for type integer: \"NaN\"","level":"error","message":"Failed to sync property","property":"INDIGO","service":"jedire-api","timestamp":"2026-03-07T17:53:09.758Z"}
{"environment":"development","error":"invalid input syntax for type integer: \"NaN\"","level":"error","message":"Failed to sync property","property":"The Strand at Lenox","service":"jedire-api","timestamp":"2026-03-07T17:53:09.771Z"}
{"environment":"development","error":"invalid input syntax for type integer: \"NaN\"","level":"error","message":"Failed to sync property","property":"MAA Briarcliff","service":"jedire-api","timestamp":"2026-03-07T17:53:09.785Z"}
{"environment":"development","error":"invalid input syntax for type integer: \"NaN\"","level":"error","message":"Failed to sync property","property":"The Legacy at Druid Hills","service":"jedire-api","timestamp":"2026-03-07T17:53:09.800Z"}
{"environment":"development","error":"invalid input syntax for type integer: \"NaN\"","level":"error","message":"Failed to sync property","property":"Audubon Briarcliff","service":"jedire-api","timestamp":"2026-03-07T17:53:09.814Z"}
{"environment":"development","error":"invalid input syntax for type integer: \"NaN\"","level":"error","message":"Failed to sync property","property":"The Hendrix","service":"jedire-api","timestamp":"2026-03-07T17:53:09.827Z"}
{"environment":"development","error":"invalid input syntax for type integer: \"NaN\"","level":"error","message":"Failed to sync property","property":"Rio At Lenox","service":"jedire-api","timestamp":"2026-03-07T17:53:09.840Z"}
{"environment":"development","error":"invalid input syntax for type integer: \"NaN\"","level":"error","message":"Failed to sync property","property":"Lenox Place","service":"jedire-api","timestamp":"2026-03-07T17:53:09.853Z"}
{"environment":"development","error":"invalid input syntax for type integer: \"NaN\"","level":"error","message":"Failed to sync property","property":"AMLI Buckhead","service":"jedire-api","timestamp":"2026-03-07T17:53:09.870Z"}
{"environment":"development","error":"invalid input syntax for type integer: \"NaN\"","level":"error","message":"Failed to sync property","property":"The Heights at Dunwoody","service":"jedire-api","timestamp":"2026-03-07T17:53:09.884Z"}
{"environment":"development","error":"invalid input syntax for type integer: \"NaN\"","level":"error","message":"Failed to sync property","property":"Reserve at Lenox Park","service":"jedire-api","timestamp":"2026-03-07T17:53:09.898Z"}
{"environment":"development","error":"invalid input syntax for type integer: \"NaN\"","level":"error","message":"Failed to sync property","property":"Arium Lenox Park","service":"jedire-api","timestamp":"2026-03-07T17:53:09.912Z"}
{"environment":"development","error":"invalid input syntax for type integer: \"NaN\"","level":"error","message":"Failed to sync property","property":"MAA Brookhaven","service":"jedire-api","timestamp":"2026-03-07T17:53:09.926Z"}
{"environment":"development","error":"invalid input syntax for type integer: \"NaN\"","level":"error","message":"Failed to sync property","property":"Gables Century Center","service":"jedire-api","timestamp":"2026-03-07T17:53:09.939Z"}
{"environment":"development","error":"invalid input syntax for type integer: \"NaN\"","level":"error","message":"Failed to sync property","property":"Hawthorne North Druid Hills","service":"jedire-api","timestamp":"2026-03-07T17:53:09.952Z"}
{"environment":"development","error":"invalid input syntax for type integer: \"NaN\"","level":"error","message":"Failed to sync property","property":"Lumen Briarcliff","service":"jedire-api","timestamp":"2026-03-07T17:53:09.966Z"}
{"environment":"development","error":"invalid input syntax for type integer: \"NaN\"","level":"error","message":"Failed to sync property","property":"AMLI Flatiron","service":"jedire-api","timestamp":"2026-03-07T17:53:09.986Z"}
{"environment":"development","error":"invalid input syntax for type integer: \"NaN\"","level":"error","message":"Failed to sync property","property":"The Huntley Luxury Apartments","service":"jedire-api","timestamp":"2026-03-07T17:53:10.001Z"}
{"environment":"development","error":"invalid input syntax for type integer: \"NaN\"","level":"error","message":"Failed to sync property","property":"Centra at North Druid Hills","service":"jedire-api","timestamp":"2026-03-07T17:53:10.016Z"}
{"environment":"development","error":"invalid input syntax for type integer: \"NaN\"","level":"error","message":"Failed to sync property","property":"Riva Apartments","service":"jedire-api","timestamp":"2026-03-07T17:53:10.029Z"}
{"environment":"development","error":"invalid input syntax for type integer: \"NaN\"","level":"error","message":"Failed to sync property","property":"The Kendrick","service":"jedire-api","timestamp":"2026-03-07T17:53:10.042Z"}
{"environment":"development","error":"invalid input syntax for type integer: \"NaN\"","level":"error","message":"Failed to sync property","property":"Brookleigh Flats Apartments","service":"jedire-api","timestamp":"2026-03-07T17:53:10.056Z"}
{"environment":"development","error":"invalid input syntax for type integer: \"NaN\"","level":"error","message":"Failed to sync property","property":"The Atlantic Brookhaven","service":"jedire-api","timestamp":"2026-03-07T17:53:10.071Z"}
{"environment":"development","error":"invalid input syntax for type integer: \"NaN\"","level":"error","message":"Failed to sync property","property":"Arrive Buckhead","service":"jedire-api","timestamp":"2026-03-07T17:53:10.085Z"}
{"environment":"development","error":"invalid input syntax for type integer: \"NaN\"","level":"error","message":"Failed to sync property","property":"Sloan Square","service":"jedire-api","timestamp":"2026-03-07T17:53:10.098Z"}
{"environment":"development","error":"invalid input syntax for type integer: \"NaN\"","level":"error","message":"Failed to sync property","property":"Cortland Druid Hills","service":"jedire-api","timestamp":"2026-03-07T17:53:10.113Z"}
{"environment":"development","error":"invalid input syntax for type integer: \"NaN\"","level":"error","message":"Failed to sync property","property":"Marq at Brookhaven","service":"jedire-api","timestamp":"2026-03-07T17:53:10.126Z"}
{"environment":"development","error":"invalid input syntax for type integer: \"NaN\"","level":"error","message":"Failed to sync property","property":"MAA Glen","service":"jedire-api","timestamp":"2026-03-07T17:53:10.138Z"}
{"environment":"development","error":"invalid input syntax for type integer: \"NaN\"","level":"error","message":"Failed to sync property","property":"Sorelle","service":"jedire-api","timestamp":"2026-03-07T17:53:10.152Z"}
{"environment":"development","error":"invalid input syntax for type integer: \"NaN\"","level":"error","message":"Failed to sync property","property":"Lakeshore Crossing","service":"jedire-api","timestamp":"2026-03-07T17:53:10.164Z"}
{"environment":"development","error":"invalid input syntax for type integer: \"NaN\"","level":"error","message":"Failed to sync property","property":"Evergreen Lenox Park","service":"jedire-api","timestamp":"2026-03-07T17:53:10.177Z"}
{"environment":"development","error":"invalid input syntax for type integer: \"NaN\"","level":"error","message":"Failed to sync property","property":"The Drexel Collective","service":"jedire-api","timestamp":"2026-03-07T17:53:10.191Z"}
{"environment":"development","error":"invalid input syntax for type integer: \"NaN\"","level":"error","message":"Failed to sync property","property":"Dunwoody Exchange Apartments","service":"jedire-api","timestamp":"2026-03-07T17:53:10.204Z"}
{"environment":"development","error":"invalid input syntax for type integer: \"NaN\"","level":"error","message":"Failed to sync property","property":"Bellamy Executive Park","service":"jedire-api","timestamp":"2026-03-07T17:53:10.217Z"}
{"environment":"development","error":"invalid input syntax for type integer: \"NaN\"","level":"error","message":"Failed to sync property","property":"Cortland at Phipps Plaza","service":"jedire-api","timestamp":"2026-03-07T17:53:10.231Z"}
{"environment":"development","error":"invalid input syntax for type integer: \"NaN\"","level":"error","message":"Failed to sync property","property":"The Elden Galleria","service":"jedire-api","timestamp":"2026-03-07T17:53:10.244Z"}
{"environment":"development","error":"invalid input syntax for type integer: \"NaN\"","level":"error","message":"Failed to sync property","property":"400 Winchester","service":"jedire-api","timestamp":"2026-03-07T17:53:10.258Z"}
{"environment":"development","error":"invalid input syntax for type integer: \"NaN\"","level":"error","message":"Failed to sync property","property":"Willowest in Vinings","service":"jedire-api","timestamp":"2026-03-07T17:53:10.272Z"}
{"environment":"development","error":"invalid input syntax for type integer: \"NaN\"","level":"error","message":"Failed to sync property","property":"Magnolia Vinings","service":"jedire-api","timestamp":"2026-03-07T17:53:10.285Z"}
{"environment":"development","error":"invalid input syntax for type integer: \"NaN\"","level":"error","message":"Failed to sync property","property":"Ellison Parkview","service":"jedire-api","timestamp":"2026-03-07T17:53:10.298Z"}
{"environment":"development","error":"invalid input syntax for type integer: \"NaN\"","level":"error","message":"Failed to sync property","property":"Stillhouse Vinings","service":"jedire-api","timestamp":"2026-03-07T17:53:10.311Z"}
{"environment":"development","error":"invalid input syntax for type integer: \"NaN\"","level":"error","message":"Failed to sync property","property":"Gables Vinings Village","service":"jedire-api","timestamp":"2026-03-07T17:53:10.324Z"}
{"environment":"development","error":"invalid input syntax for type integer: \"NaN\"","level":"error","message":"Failed to sync property","property":"Cortland Oleander","service":"jedire-api","timestamp":"2026-03-07T17:53:10.352Z"}
{"environment":"development","error":"invalid input syntax for type integer: \"NaN\"","level":"error","message":"Failed to sync property","property":"55 Pharr","service":"jedire-api","timestamp":"2026-03-07T17:53:10.366Z"}
{"environment":"development","error":"invalid input syntax for type integer: \"NaN\"","level":"error","message":"Failed to sync property","property":"Alexan on 8th","service":"jedire-api","timestamp":"2026-03-07T17:53:10.382Z"}
{"environment":"development","error":"invalid input syntax for type integer: \"NaN\"","level":"error","message":"Failed to sync property","property":"Lilli Midtown","service":"jedire-api","timestamp":"2026-03-07T17:53:10.396Z"}
{"environment":"development","error":"invalid input syntax for type integer: \"NaN\"","level":"error","message":"Failed to sync property","property":"The Greens at Cascade Apartment Homes","service":"jedire-api","timestamp":"2026-03-07T17:53:10.410Z"}
{"environment":"development","error":"invalid input syntax for type integer: \"NaN\"","level":"error","message":"Failed to sync property","property":"Live 8 West","service":"jedire-api","timestamp":"2026-03-07T17:53:10.424Z"}
{"environment":"development","error":"invalid input syntax for type integer: \"NaN\"","level":"error","message":"Failed to sync property","property":"Ashley Scholars Landing","service":"jedire-api","timestamp":"2026-03-07T17:53:10.438Z"}
{"environment":"development","error":"invalid input syntax for type integer: \"NaN\"","level":"error","message":"Failed to sync property","property":"Link Apartments® Grant Park","service":"jedire-api","timestamp":"2026-03-07T17:53:10.451Z"}
{"environment":"development","error":"invalid input syntax for type integer: \"NaN\"","level":"error","message":"Failed to sync property","property":"Smith and Porter","service":"jedire-api","timestamp":"2026-03-07T17:53:10.465Z"}
{"environment":"development","error":"invalid input syntax for type integer: \"NaN\"","level":"error","message":"Failed to sync property","property":"The Tower on Piedmont","service":"jedire-api","timestamp":"2026-03-07T17:53:10.478Z"}
{"environment":"development","error":"column \"last_enriched_at\" of relation \"properties\" does not exist","level":"error","message":"Failed to sync property","property":"AMLI Arts Center","service":"jedire-api","timestamp":"2026-03-07T17:53:44.997Z"}
{"environment":"development","error":"column \"last_enriched_at\" of relation \"properties\" does not exist","level":"error","message":"Failed to sync property","property":"The Atlantic Brookwood","service":"jedire-api","timestamp":"2026-03-07T17:53:45.015Z"}
{"environment":"development","error":"column \"last_enriched_at\" of relation \"properties\" does not exist","level":"error","message":"Failed to sync property","property":"Link Apartments Canvas","service":"jedire-api","timestamp":"2026-03-07T17:53:45.029Z"}
{"environment":"development","error":"column \"last_enriched_at\" of relation \"properties\" does not exist","level":"error","message":"Failed to sync property","property":"Westside Court","service":"jedire-api","timestamp":"2026-03-07T17:53:45.042Z"}
{"environment":"development","error":"column \"last_enriched_at\" of relation \"properties\" does not exist","level":"error","message":"Failed to sync property","property":"Prominence","service":"jedire-api","timestamp":"2026-03-07T17:53:45.057Z"}
{"environment":"development","error":"column \"last_enriched_at\" of relation \"properties\" does not exist","level":"error","message":"Failed to sync property","property":"Ashley Auburn Pointe","service":"jedire-api","timestamp":"2026-03-07T17:53:45.070Z"}
{"environment":"development","error":"column \"last_enriched_at\" of relation \"properties\" does not exist","level":"error","message":"Failed to sync property","property":"Gardens at Washington Park 2","service":"jedire-api","timestamp":"2026-03-07T17:53:45.084Z"}
{"environment":"development","error":"column \"last_enriched_at\" of relation \"properties\" does not exist","level":"error","message":"Failed to sync property","property":"AMLI Atlantic Station","service":"jedire-api","timestamp":"2026-03-07T17:53:45.097Z"}
{"environment":"development","error":"column \"last_enriched_at\" of relation \"properties\" does not exist","level":"error","message":"Failed to sync property","property":"Star Metals","service":"jedire-api","timestamp":"2026-03-07T17:53:45.112Z"}
{"environment":"development","error":"column \"last_enriched_at\" of relation \"properties\" does not exist","level":"error","message":"Failed to sync property","property":"Gardens at Washington Park 1","service":"jedire-api","timestamp":"2026-03-07T17:53:45.126Z"}
{"environment":"development","error":"column \"last_enriched_at\" of relation \"properties\" does not exist","level":"error","message":"Failed to sync property","property":"Lumen Briarcliff","service":"jedire-api","timestamp":"2026-03-07T17:53:45.139Z"}
{"environment":"development","error":"column \"last_enriched_at\" of relation \"properties\" does not exist","level":"error","message":"Failed to sync property","property":"Park at the Marketplace","service":"jedire-api","timestamp":"2026-03-07T17:53:45.152Z"}
{"environment":"development","error":"column \"last_enriched_at\" of relation \"properties\" does not exist","level":"error","message":"Failed to sync property","property":"Ashley Scholars Landing","service":"jedire-api","timestamp":"2026-03-07T17:53:45.165Z"}
{"environment":"development","error":"column \"last_enriched_at\" of relation \"properties\" does not exist","level":"error","message":"Failed to sync property","property":"Maverick Flats","service":"jedire-api","timestamp":"2026-03-07T17:53:45.179Z"}
{"environment":"development","error":"column \"last_enriched_at\" of relation \"properties\" does not exist","level":"error","message":"Failed to sync property","property":"Park at Princeton Lakes","service":"jedire-api","timestamp":"2026-03-07T17:53:45.192Z"}
{"environment":"development","error":"column \"last_enriched_at\" of relation \"properties\" does not exist","level":"error","message":"Failed to sync property","property":"Piedmont House","service":"jedire-api","timestamp":"2026-03-07T17:53:45.205Z"}
{"environment":"development","error":"column \"last_enriched_at\" of relation \"properties\" does not exist","level":"error","message":"Failed to sync property","property":"Windsor Old Fourth Ward","service":"jedire-api","timestamp":"2026-03-07T17:53:45.219Z"}
{"environment":"development","error":"column \"last_enriched_at\" of relation \"properties\" does not exist","level":"error","message":"Failed to sync property","property":"Telephone Factory Lofts","service":"jedire-api","timestamp":"2026-03-07T17:53:45.233Z"}
{"environment":"development","error":"column \"last_enriched_at\" of relation \"properties\" does not exist","level":"error","message":"Failed to sync property","property":"Towne at Lakewood Heights","service":"jedire-api","timestamp":"2026-03-07T17:53:45.246Z"}
{"environment":"development","error":"column \"last_enriched_at\" of relation \"properties\" does not exist","level":"error","message":"Failed to sync property","property":"The Hadley","service":"jedire-api","timestamp":"2026-03-07T17:53:45.262Z"}
{"environment":"development","error":"column \"last_enriched_at\" of relation \"properties\" does not exist","level":"error","message":"Failed to sync property","property":"CoHo","service":"jedire-api","timestamp":"2026-03-07T17:53:45.277Z"}
{"environment":"development","error":"column \"last_enriched_at\" of relation \"properties\" does not exist","level":"error","message":"Failed to sync property","property":"100 Midtown","service":"jedire-api","timestamp":"2026-03-07T17:53:45.290Z"}
{"environment":"development","error":"column \"last_enriched_at\" of relation \"properties\" does not exist","level":"error","message":"Failed to sync property","property":"565 Hank by Windsor","service":"jedire-api","timestamp":"2026-03-07T17:53:45.303Z"}
{"environment":"development","error":"column \"last_enriched_at\" of relation \"properties\" does not exist","level":"error","message":"Failed to sync property","property":"The Grant","service":"jedire-api","timestamp":"2026-03-07T17:53:45.315Z"}
{"environment":"development","error":"column \"last_enriched_at\" of relation \"properties\" does not exist","level":"error","message":"Failed to sync property","property":"Castleberry Park","service":"jedire-api","timestamp":"2026-03-07T17:53:45.329Z"}
{"environment":"development","error":"column \"last_enriched_at\" of relation \"properties\" does not exist","level":"error","message":"Failed to sync property","property":"The Residence Buckhead Atlanta","service":"jedire-api","timestamp":"2026-03-07T17:53:45.344Z"}
{"environment":"development","error":"column \"last_enriched_at\" of relation \"properties\" does not exist","level":"error","message":"Failed to sync property","property":"Lofts at Abrams Fixtures","service":"jedire-api","timestamp":"2026-03-07T17:53:45.358Z"}
{"environment":"development","error":"column \"last_enriched_at\" of relation \"properties\" does not exist","level":"error","message":"Failed to sync property","property":"The Beverly by Alta","service":"jedire-api","timestamp":"2026-03-07T17:53:45.372Z"}
{"environment":"development","error":"column \"last_enriched_at\" of relation \"properties\" does not exist","level":"error","message":"Failed to sync property","property":"Windsor Hall","service":"jedire-api","timestamp":"2026-03-07T17:53:45.386Z"}
{"environment":"development","error":"column \"last_enriched_at\" of relation \"properties\" does not exist","level":"error","message":"Failed to sync property","property":"City View Vinings Apartments","service":"jedire-api","timestamp":"2026-03-07T17:53:45.401Z"}
{"environment":"development","error":"column \"last_enriched_at\" of relation \"properties\" does not exist","level":"error","message":"Failed to sync property","property":"Vibe at Echo Street West","service":"jedire-api","timestamp":"2026-03-07T17:53:45.414Z"}
{"environment":"development","error":"column \"last_enriched_at\" of relation \"properties\" does not exist","level":"error","message":"Failed to sync property","property":"Marketplace Village","service":"jedire-api","timestamp":"2026-03-07T17:53:45.427Z"}
{"environment":"development","error":"column \"last_enriched_at\" of relation \"properties\" does not exist","level":"error","message":"Failed to sync property","property":"Oak Pointe","service":"jedire-api","timestamp":"2026-03-07T17:53:45.440Z"}
{"environment":"development","error":"column \"last_enriched_at\" of relation \"properties\" does not exist","level":"error","message":"Failed to sync property","property":"Trace","service":"jedire-api","timestamp":"2026-03-07T17:53:45.453Z"}
{"environment":"development","error":"column \"last_enriched_at\" of relation \"properties\" does not exist","level":"error","message":"Failed to sync property","property":"LaFrance Square","service":"jedire-api","timestamp":"2026-03-07T17:53:45.466Z"}
{"environment":"development","error":"column \"last_enriched_at\" of relation \"properties\" does not exist","level":"error","message":"Failed to sync property","property":"Avail Sandy Springs","service":"jedire-api","timestamp":"2026-03-07T17:53:45.480Z"}
{"environment":"development","error":"column \"last_enriched_at\" of relation \"properties\" does not exist","level":"error","message":"Failed to sync property","property":"The Upton","service":"jedire-api","timestamp":"2026-03-07T17:53:45.493Z"}
{"environment":"development","error":"column \"last_enriched_at\" of relation \"properties\" does not exist","level":"error","message":"Failed to sync property","property":"Nine15 Midtown","service":"jedire-api","timestamp":"2026-03-07T17:53:45.507Z"}
{"environment":"development","error":"column \"last_enriched_at\" of relation \"properties\" does not exist","level":"error","message":"Failed to sync property","property":"915 Glenwood Apartments at Grant Park","service":"jedire-api","timestamp":"2026-03-07T17:53:45.523Z"}
{"environment":"development","error":"column \"last_enriched_at\" of relation \"properties\" does not exist","level":"error","message":"Failed to sync property","property":"The Hue Midtown","service":"jedire-api","timestamp":"2026-03-07T17:53:45.537Z"}
{"environment":"development","error":"column \"last_enriched_at\" of relation \"properties\" does not exist","level":"error","message":"Failed to sync property","property":"Lumen Doraville","service":"jedire-api","timestamp":"2026-03-07T17:53:45.551Z"}
{"environment":"development","error":"column \"last_enriched_at\" of relation \"properties\" does not exist","level":"error","message":"Failed to sync property","property":"Emmi Midtown","service":"jedire-api","timestamp":"2026-03-07T17:53:45.564Z"}
{"environment":"development","error":"column \"last_enriched_at\" of relation \"properties\" does not exist","level":"error","message":"Failed to sync property","property":"Revel Ballpark","service":"jedire-api","timestamp":"2026-03-07T17:53:45.577Z"}
{"environment":"development","error":"column \"last_enriched_at\" of relation \"properties\" does not exist","level":"error","message":"Failed to sync property","property":"Chatsworth Apartments","service":"jedire-api","timestamp":"2026-03-07T17:53:45.591Z"}
{"environment":"development","error":"column \"last_enriched_at\" of relation \"properties\" does not exist","level":"error","message":"Failed to sync property","property":"The Registry on the Park","service":"jedire-api","timestamp":"2026-03-07T17:53:45.803Z"}
{"environment":"development","error":"invalid input syntax for type integer: \"1.5\"","level":"error","message":"Failed to sync property","property":"The Star","service":"jedire-api","timestamp":"2026-03-07T17:58:52.945Z"}
{"environment":"development","error":"invalid input syntax for type integer: \"2.5\"","level":"error","message":"Failed to sync property","property":"Addicks Stone Village","service":"jedire-api","timestamp":"2026-03-07T17:58:53.049Z"}
{"environment":"development","error":"invalid input syntax for type integer: \"3.5\"","level":"error","message":"Failed to sync property","property":"Spacious House across the street from UT - large deck and balcony with great views.","service":"jedire-api","timestamp":"2026-03-07T17:58:56.970Z"}
{"environment":"development","error":"invalid input syntax for type integer: \"1.5\"","level":"error","message":"Failed to sync property","property":"San Jose","service":"jedire-api","timestamp":"2026-03-07T17:59:09.406Z"}
